2025-08-09 03:45:51,659 - httpx - INFO - HTTP Request: GET https://raw.githubusercontent.com/DATAHOARDERS/dynamic-rules/main/onlyfans.json "HTTP/1.1 200 OK"
2025-08-09 03:45:51,669 - __main__ - INFO - Authenticating with OnlyFans...
2025-08-09 03:45:52,758 - __main__ - INFO - Successfully authenticated as: u513665682
2025-08-09 03:45:52,758 - __main__ - INFO - Starting message poller (checking every 30 seconds)
2025-08-09 03:45:52,758 - __main__ - INFO - Press Ctrl+C to stop
2025-08-09 03:45:52,759 - __main__ - INFO - 
============================================================
2025-08-09 03:45:52,759 - __main__ - INFO - Starting polling cycle...
2025-08-09 03:45:52,760 - __main__ - INFO - ============================================================
2025-08-09 03:45:52,762 - __main__ - INFO - Getting list of all chat users...
2025-08-09 03:45:53,749 - __main__ - INFO - Checking messages from 3 users: heyitsmilliexx, ariawolftv, caireen
2025-08-09 03:45:53,750 - __main__ - INFO - 
Checking messages from heyitsmilliexx
2025-08-09 03:45:53,750 - __main__ - INFO -   User ID: 511545745
2025-08-09 03:46:06,097 - __main__ - INFO -   Fetched 86 messages:
2025-08-09 03:46:06,098 - __main__ - INFO -     1. [2025-08-08 19:32:13] heyitsmilliexx: <p><span>so how’s today treating you so far babe?</span></p> (ID: 6584209958329)
2025-08-09 03:46:06,098 - __main__ - INFO -     2. [2025-08-08 19:30:50] ME: <p>yes just busy 🥺</p> (ID: 6584201948012)
2025-08-09 03:46:06,099 - __main__ - INFO -     3. [2025-08-08 19:20:44] heyitsmilliexx: <p>babe still here?</p> (ID: 6584137378110)
2025-08-09 03:46:06,100 - __main__ - INFO -     4. [2025-08-08 19:12:48] heyitsmilliexx: <p>how are you babe?</p> (ID: 6584078394387)
2025-08-09 03:46:06,101 - __main__ - INFO -     5. [2025-08-08 19:12:29] ME: <p>yes hbu</p> (ID: 6584075698399)
2025-08-09 03:46:06,101 - __main__ - INFO -     ... and 81 more messages
2025-08-09 03:46:06,102 - __main__ - INFO -   First time checking heyitsmilliexx, initializing state
2025-08-09 03:46:07,104 - __main__ - INFO - 
Checking messages from ariawolftv
2025-08-09 03:46:07,105 - __main__ - INFO -   User ID: 482888977
2025-08-09 03:46:09,324 - __main__ - INFO -   Fetched 17 messages:
2025-08-09 03:46:09,325 - __main__ - INFO -     1. [2025-08-08 18:18:56] ariawolftv: What you could do if you had 10 minutes with me? 🤪 (ID: 6583724988884)
2025-08-09 03:46:09,325 - __main__ - INFO -     2. [2025-08-07 21:42:57] ariawolftv: I asked you questions and you didn’t answer (ID: 6575618533413)
2025-08-09 03:46:09,326 - __main__ - INFO -     3. [2025-08-07 21:24:04] ME: wassup (ID: 6575504707081)
2025-08-09 03:46:09,326 - __main__ - INFO -     4. [2025-08-07 21:06:55] ariawolftv: You didn’t even tell me haha (ID: 6575375730321)
2025-08-09 03:46:09,326 - __main__ - INFO -     5. [2025-08-07 20:50:04] ME: <p>sup</p> (ID: 6575264807552)
2025-08-09 03:46:09,327 - __main__ - INFO -     ... and 12 more messages
2025-08-09 03:46:09,327 - __main__ - INFO -   First time checking ariawolftv, initializing state
2025-08-09 03:46:10,329 - __main__ - INFO - 
Checking messages from caireen
2025-08-09 03:46:10,330 - __main__ - INFO -   User ID: 199775
2025-08-09 03:46:14,442 - __main__ - INFO -   Fetched 25 messages:
2025-08-09 03:46:14,442 - __main__ - INFO -     1. [2025-07-25 14:35:41] caireen: <p>Do you want daily nudes, priority chatting with me, PLUS vip access?! Make sure and join my favou... (ID: 6451590789391)
2025-08-09 03:46:14,443 - __main__ - INFO -     2. [2025-07-25 05:40:47] ME: <p>Hello! I've been following creators like you. What do you think sets your content apart?</p> (ID: 6448260695932)
2025-08-09 03:46:14,443 - __main__ - INFO -     3. [2025-07-25 05:13:21] ME: <p>Hi! I'm interested in learning more about your content creation journey. What inspired you to sta... (ID: 6448081396087)
2025-08-09 03:46:14,443 - __main__ - INFO -     4. [2025-07-25 04:43:07] ME: <p>Hi there! I'm curious about your creative process. How do you plan your content?</p> (ID: 6447890699470)
2025-08-09 03:46:14,443 - __main__ - INFO -     5. [2025-07-24 18:57:14] caireen: <p>my VIP is guaranteed to make you cum</p><p>*not actually because i don't know what makes you cum ... (ID: 6443224846900)
2025-08-09 03:46:14,444 - __main__ - INFO -     ... and 20 more messages
2025-08-09 03:46:14,444 - __main__ - INFO -   First time checking caireen, initializing state
2025-08-09 03:46:15,445 - __main__ - INFO - 
✅ No new messages found
2025-08-09 03:46:15,448 - __main__ - INFO - 
⏰ Waiting 30 seconds until next check...
2025-08-09 03:46:45,451 - __main__ - INFO - 
============================================================
2025-08-09 03:46:45,452 - __main__ - INFO - Starting polling cycle...
2025-08-09 03:46:45,452 - __main__ - INFO - ============================================================
2025-08-09 03:46:45,453 - __main__ - INFO - Getting list of all chat users...
2025-08-09 03:46:45,453 - __main__ - INFO - Checking messages from 3 users: heyitsmilliexx, ariawolftv, caireen
2025-08-09 03:46:45,453 - __main__ - INFO - 
Checking messages from heyitsmilliexx
2025-08-09 03:46:45,454 - __main__ - INFO -   User ID: 511545745
2025-08-09 03:46:45,454 - __main__ - INFO -   No messages found for heyitsmilliexx
2025-08-09 03:46:46,456 - __main__ - INFO - 
Checking messages from ariawolftv
2025-08-09 03:46:46,457 - __main__ - INFO -   User ID: 482888977
2025-08-09 03:46:46,459 - __main__ - INFO -   No messages found for ariawolftv
2025-08-09 03:46:47,461 - __main__ - INFO - 
Checking messages from caireen
2025-08-09 03:46:47,462 - __main__ - INFO -   User ID: 199775
2025-08-09 03:46:47,462 - __main__ - INFO -   No messages found for caireen
2025-08-09 03:46:48,463 - __main__ - INFO - 
✅ No new messages found
2025-08-09 03:46:48,468 - __main__ - INFO - 
⏰ Waiting 30 seconds until next check...
