2025-08-09 03:06:24,046 - __main__ - ERROR - Failed to initialize: OnlyFansAPI.__init__() got an unexpected keyword argument 'auth'
2025-08-09 03:09:56,360 - httpx - INFO - HTTP Request: GET https://raw.githubusercontent.com/DATAHOARDERS/dynamic-rules/main/onlyfans.json "HTTP/1.1 200 OK"
2025-08-09 03:09:56,370 - __main__ - INFO - Authenticating with OnlyFans...
2025-08-09 03:09:57,474 - __main__ - INFO - Successfully authenticated as: u513665682
2025-08-09 03:09:57,475 - __main__ - INFO - Starting message poller (checking every 30 seconds)
2025-08-09 03:09:57,475 - __main__ - INFO - Press Ctrl+C to stop
2025-08-09 03:09:57,476 - __main__ - INFO - Starting polling cycle...
2025-08-09 03:09:57,476 - __main__ - INFO - Getting list of all chat users...
2025-08-09 03:09:58,459 - __main__ - INFO - Checking messages from 3 users
2025-08-09 03:11:26,119 - httpx - INFO - HTTP Request: GET https://raw.githubusercontent.com/DATAHOARDERS/dynamic-rules/main/onlyfans.json "HTTP/1.1 200 OK"
2025-08-09 03:11:26,129 - __main__ - INFO - Authenticating with OnlyFans...
2025-08-09 03:11:27,181 - __main__ - INFO - Successfully authenticated as: u513665682
2025-08-09 03:11:27,182 - __main__ - INFO - Starting message poller (checking every 30 seconds)
2025-08-09 03:11:27,183 - __main__ - INFO - Press Ctrl+C to stop
2025-08-09 03:11:27,183 - __main__ - INFO - Starting polling cycle...
2025-08-09 03:11:27,184 - __main__ - INFO - Getting list of all chat users...
2025-08-09 03:11:28,145 - __main__ - INFO - Checking messages from 3 users
2025-08-09 03:11:49,789 - __main__ - INFO - No new messages found
2025-08-09 03:11:49,800 - __main__ - INFO - Waiting 30 seconds until next check...
2025-08-09 03:12:19,807 - __main__ - INFO - Starting polling cycle...
2025-08-09 03:12:19,807 - __main__ - INFO - Getting list of all chat users...
2025-08-09 03:12:19,808 - __main__ - INFO - Checking messages from 3 users
2025-08-09 03:12:22,814 - __main__ - INFO - No new messages found
2025-08-09 03:12:22,826 - __main__ - INFO - Waiting 30 seconds until next check...
2025-08-09 03:12:52,838 - __main__ - INFO - Starting polling cycle...
2025-08-09 03:12:52,838 - __main__ - INFO - Getting list of all chat users...
2025-08-09 03:12:52,839 - __main__ - INFO - Checking messages from 3 users
2025-08-09 03:12:55,858 - __main__ - INFO - No new messages found
2025-08-09 03:12:55,870 - __main__ - INFO - Waiting 30 seconds until next check...
2025-08-09 03:13:25,878 - __main__ - INFO - Starting polling cycle...
2025-08-09 03:13:25,879 - __main__ - INFO - Getting list of all chat users...
2025-08-09 03:13:25,880 - __main__ - INFO - Checking messages from 3 users
2025-08-09 03:13:28,898 - __main__ - INFO - No new messages found
2025-08-09 03:13:28,901 - __main__ - INFO - Waiting 30 seconds until next check...
2025-08-09 03:13:58,918 - __main__ - INFO - Starting polling cycle...
2025-08-09 03:13:58,919 - __main__ - INFO - Getting list of all chat users...
2025-08-09 03:13:58,919 - __main__ - INFO - Checking messages from 3 users
2025-08-09 03:14:01,931 - __main__ - INFO - No new messages found
2025-08-09 03:14:01,933 - __main__ - INFO - Waiting 30 seconds until next check...
2025-08-09 03:14:31,937 - __main__ - INFO - Starting polling cycle...
2025-08-09 03:14:31,938 - __main__ - INFO - Getting list of all chat users...
2025-08-09 03:14:31,939 - __main__ - INFO - Checking messages from 3 users
2025-08-09 03:14:34,950 - __main__ - INFO - No new messages found
2025-08-09 03:14:34,952 - __main__ - INFO - Waiting 30 seconds until next check...
2025-08-09 03:15:04,958 - __main__ - INFO - Starting polling cycle...
2025-08-09 03:15:04,959 - __main__ - INFO - Getting list of all chat users...
2025-08-09 03:15:04,960 - __main__ - INFO - Checking messages from 3 users
2025-08-09 03:15:07,964 - __main__ - INFO - No new messages found
2025-08-09 03:15:07,967 - __main__ - INFO - Waiting 30 seconds until next check...
2025-08-09 03:15:37,970 - __main__ - INFO - Starting polling cycle...
2025-08-09 03:15:37,971 - __main__ - INFO - Getting list of all chat users...
2025-08-09 03:15:37,973 - __main__ - INFO - Checking messages from 3 users
2025-08-09 03:15:40,977 - __main__ - INFO - No new messages found
2025-08-09 03:15:40,980 - __main__ - INFO - Waiting 30 seconds until next check...
2025-08-09 03:16:10,987 - __main__ - INFO - Starting polling cycle...
2025-08-09 03:16:10,989 - __main__ - INFO - Getting list of all chat users...
2025-08-09 03:16:10,991 - __main__ - INFO - Checking messages from 3 users
2025-08-09 03:16:13,996 - __main__ - INFO - No new messages found
2025-08-09 03:16:13,999 - __main__ - INFO - Waiting 30 seconds until next check...
2025-08-09 03:16:44,003 - __main__ - INFO - Starting polling cycle...
2025-08-09 03:16:44,003 - __main__ - INFO - Getting list of all chat users...
2025-08-09 03:16:44,004 - __main__ - INFO - Checking messages from 3 users
2025-08-09 03:16:47,008 - __main__ - INFO - No new messages found
2025-08-09 03:16:47,011 - __main__ - INFO - Waiting 30 seconds until next check...
2025-08-09 03:17:17,012 - __main__ - INFO - Starting polling cycle...
2025-08-09 03:17:17,013 - __main__ - INFO - Getting list of all chat users...
2025-08-09 03:17:17,013 - __main__ - INFO - Checking messages from 3 users
2025-08-09 03:17:20,016 - __main__ - INFO - No new messages found
2025-08-09 03:17:20,020 - __main__ - INFO - Waiting 30 seconds until next check...
2025-08-09 03:17:50,025 - __main__ - INFO - Starting polling cycle...
2025-08-09 03:17:50,026 - __main__ - INFO - Getting list of all chat users...
2025-08-09 03:17:50,027 - __main__ - INFO - Checking messages from 3 users
2025-08-09 03:17:53,032 - __main__ - INFO - No new messages found
2025-08-09 03:17:53,035 - __main__ - INFO - Waiting 30 seconds until next check...
2025-08-09 03:18:23,038 - __main__ - INFO - Starting polling cycle...
2025-08-09 03:18:23,038 - __main__ - INFO - Getting list of all chat users...
2025-08-09 03:18:23,039 - __main__ - INFO - Checking messages from 3 users
2025-08-09 03:18:26,042 - __main__ - INFO - No new messages found
2025-08-09 03:18:26,045 - __main__ - INFO - Waiting 30 seconds until next check...
2025-08-09 03:18:56,051 - __main__ - INFO - Starting polling cycle...
2025-08-09 03:18:56,052 - __main__ - INFO - Getting list of all chat users...
2025-08-09 03:18:56,053 - __main__ - INFO - Checking messages from 3 users
2025-08-09 03:18:59,057 - __main__ - INFO - No new messages found
2025-08-09 03:18:59,060 - __main__ - INFO - Waiting 30 seconds until next check...
2025-08-09 03:19:29,062 - __main__ - INFO - Starting polling cycle...
2025-08-09 03:19:29,062 - __main__ - INFO - Getting list of all chat users...
2025-08-09 03:19:29,063 - __main__ - INFO - Checking messages from 3 users
2025-08-09 03:19:32,067 - __main__ - INFO - No new messages found
2025-08-09 03:19:32,079 - __main__ - INFO - Waiting 30 seconds until next check...
2025-08-09 03:20:02,081 - __main__ - INFO - Starting polling cycle...
2025-08-09 03:20:02,083 - __main__ - INFO - Getting list of all chat users...
2025-08-09 03:20:02,083 - __main__ - INFO - Checking messages from 3 users
2025-08-09 03:20:05,087 - __main__ - INFO - No new messages found
2025-08-09 03:20:05,099 - __main__ - INFO - Waiting 30 seconds until next check...
2025-08-09 03:20:35,105 - __main__ - INFO - Starting polling cycle...
2025-08-09 03:20:35,106 - __main__ - INFO - Getting list of all chat users...
2025-08-09 03:20:35,106 - __main__ - INFO - Checking messages from 3 users
2025-08-09 03:20:38,114 - __main__ - INFO - No new messages found
2025-08-09 03:20:38,117 - __main__ - INFO - Waiting 30 seconds until next check...
2025-08-09 03:21:08,119 - __main__ - INFO - Starting polling cycle...
2025-08-09 03:21:08,120 - __main__ - INFO - Getting list of all chat users...
2025-08-09 03:21:08,120 - __main__ - INFO - Checking messages from 3 users
2025-08-09 03:21:11,124 - __main__ - INFO - No new messages found
2025-08-09 03:21:11,136 - __main__ - INFO - Waiting 30 seconds until next check...
2025-08-09 03:21:41,143 - __main__ - INFO - Starting polling cycle...
2025-08-09 03:21:41,144 - __main__ - INFO - Getting list of all chat users...
2025-08-09 03:21:41,144 - __main__ - INFO - Checking messages from 3 users
2025-08-09 03:21:44,148 - __main__ - INFO - No new messages found
2025-08-09 03:21:44,151 - __main__ - INFO - Waiting 30 seconds until next check...
2025-08-09 03:22:14,155 - __main__ - INFO - Starting polling cycle...
2025-08-09 03:22:14,157 - __main__ - INFO - Getting list of all chat users...
2025-08-09 03:22:14,158 - __main__ - INFO - Checking messages from 3 users
2025-08-09 03:22:17,164 - __main__ - INFO - No new messages found
2025-08-09 03:22:17,166 - __main__ - INFO - Waiting 30 seconds until next check...
2025-08-09 03:22:47,168 - __main__ - INFO - Starting polling cycle...
2025-08-09 03:22:47,170 - __main__ - INFO - Getting list of all chat users...
2025-08-09 03:22:47,172 - __main__ - INFO - Checking messages from 3 users
2025-08-09 03:22:50,176 - __main__ - INFO - No new messages found
2025-08-09 03:22:50,179 - __main__ - INFO - Waiting 30 seconds until next check...
2025-08-09 03:23:20,182 - __main__ - INFO - Starting polling cycle...
2025-08-09 03:23:20,184 - __main__ - INFO - Getting list of all chat users...
2025-08-09 03:23:20,185 - __main__ - INFO - Checking messages from 3 users
2025-08-09 03:23:23,190 - __main__ - INFO - No new messages found
2025-08-09 03:23:23,202 - __main__ - INFO - Waiting 30 seconds until next check...
2025-08-09 03:23:53,205 - __main__ - INFO - Starting polling cycle...
2025-08-09 03:23:53,206 - __main__ - INFO - Getting list of all chat users...
2025-08-09 03:23:53,207 - __main__ - INFO - Checking messages from 3 users
2025-08-09 03:23:56,213 - __main__ - INFO - No new messages found
2025-08-09 03:23:56,225 - __main__ - INFO - Waiting 30 seconds until next check...
2025-08-09 03:24:26,232 - __main__ - INFO - Starting polling cycle...
2025-08-09 03:24:26,232 - __main__ - INFO - Getting list of all chat users...
2025-08-09 03:24:26,233 - __main__ - INFO - Checking messages from 3 users
2025-08-09 03:24:29,239 - __main__ - INFO - No new messages found
2025-08-09 03:24:29,252 - __main__ - INFO - Waiting 30 seconds until next check...
2025-08-09 03:24:59,257 - __main__ - INFO - Starting polling cycle...
2025-08-09 03:24:59,259 - __main__ - INFO - Getting list of all chat users...
2025-08-09 03:24:59,261 - __main__ - INFO - Checking messages from 3 users
2025-08-09 03:25:02,268 - __main__ - INFO - No new messages found
2025-08-09 03:25:02,272 - __main__ - INFO - Waiting 30 seconds until next check...
2025-08-09 03:25:32,275 - __main__ - INFO - Starting polling cycle...
2025-08-09 03:25:32,276 - __main__ - INFO - Getting list of all chat users...
2025-08-09 03:25:32,277 - __main__ - INFO - Checking messages from 3 users
2025-08-09 03:25:35,284 - __main__ - INFO - No new messages found
2025-08-09 03:25:35,296 - __main__ - INFO - Waiting 30 seconds until next check...
2025-08-09 03:26:05,302 - __main__ - INFO - Starting polling cycle...
2025-08-09 03:26:05,303 - __main__ - INFO - Getting list of all chat users...
2025-08-09 03:26:05,304 - __main__ - INFO - Checking messages from 3 users
2025-08-09 03:26:08,311 - __main__ - INFO - No new messages found
2025-08-09 03:26:08,316 - __main__ - INFO - Waiting 30 seconds until next check...
2025-08-09 03:26:38,318 - __main__ - INFO - Starting polling cycle...
2025-08-09 03:26:38,319 - __main__ - INFO - Getting list of all chat users...
2025-08-09 03:26:38,319 - __main__ - INFO - Checking messages from 3 users
2025-08-09 03:26:41,323 - __main__ - INFO - No new messages found
2025-08-09 03:26:41,326 - __main__ - INFO - Waiting 30 seconds until next check...
2025-08-09 03:26:53,204 - httpx - INFO - HTTP Request: GET https://raw.githubusercontent.com/DATAHOARDERS/dynamic-rules/main/onlyfans.json "HTTP/1.1 200 OK"
2025-08-09 03:26:53,216 - __main__ - INFO - Loaded state for 3 users
2025-08-09 03:26:53,216 - __main__ - INFO - Authenticating with OnlyFans...
2025-08-09 03:26:54,761 - __main__ - INFO - Successfully authenticated as: u513665682
2025-08-09 03:26:54,762 - __main__ - INFO - Starting message poller (checking every 30 seconds)
2025-08-09 03:26:54,763 - __main__ - INFO - Press Ctrl+C to stop
2025-08-09 03:26:54,764 - __main__ - INFO - Starting polling cycle...
2025-08-09 03:26:54,764 - __main__ - INFO - Getting list of all chat users...
2025-08-09 03:26:55,725 - __main__ - INFO - Checking messages from 3 users
2025-08-09 03:27:07,989 - __main__ - INFO - 
============================================================
2025-08-09 03:27:07,989 - __main__ - INFO - NEW MESSAGES from heyitsmilliexx:
2025-08-09 03:27:07,990 - __main__ - INFO - ============================================================
2025-08-09 03:27:07,990 - __main__ - INFO - [2025-07-24 03:03:32] heyitsmilliexx: "<p>appreciate the sub 💚</p>"
2025-08-09 03:27:07,990 - __main__ - INFO - [2025-07-24 03:03:43] You: "<p>hi</p>"
2025-08-09 03:27:07,991 - __main__ - INFO - [2025-07-24 03:08:06] heyitsmilliexx: "heyy"
2025-08-09 03:27:07,991 - __main__ - INFO - [2025-07-24 03:27:54] You: "<p>hhi</p>"
2025-08-09 03:27:07,992 - __main__ - INFO - [2025-07-24 03:49:54] heyitsmilliexx: "<p><span> i always feel weird calling someone ‘babe’ without knowing their name first 😅 so whats your name?</span></p>"
2025-08-09 03:27:07,992 - __main__ - INFO - [2025-07-24 13:01:59] You: "<p>oh honey, u can call me whatever u want - just not collect call fees! chaos queen at ur service 👑</p>"
2025-08-09 03:27:07,992 - __main__ - INFO - [2025-07-24 13:03:13] heyitsmilliexx: "<p>oh.. it matters to me to know your name 😅 <span>so whats your name?</span></p>"
2025-08-09 03:27:07,993 - __main__ - INFO - [2025-07-24 13:04:16] You: "<p>Oh snap, u caught me! That's totally something a cool cat like me would say, am I right? LMAO. Anyway, got any coupons for the early bird special, old sport?</p>"
2025-08-09 03:27:07,993 - __main__ - INFO - [2025-07-24 13:05:16] heyitsmilliexx: "<p><span>i dont have.. well its lovely to speak with you! i’m Millie, so what made you sub to me?</span></p>"
2025-08-09 03:27:07,993 - __main__ - INFO - [2025-07-24 13:06:28] You: "<p>heyo millie! i subbed cuz ur vibes are so rad, like a unicorn eating cotton candy on a rollercoaster. let's blast off into the meme dimension together, shall we? 🚀🦄</p>"
2025-08-09 03:27:07,994 - __main__ - INFO - [2025-07-24 13:07:31] heyitsmilliexx: "<p><span>haha.. you are cute, you really think so?</span></p>"
2025-08-09 03:27:07,994 - __main__ - INFO - [2025-07-24 13:08:26] You: "<p>aw shuks, thanks a bunch, Millie! U betcha, I think u're the bee's knees! Let's stay connected like a landline phone, ya dig?</p>"
2025-08-09 03:27:07,994 - __main__ - INFO - [2025-07-24 13:09:13] heyitsmilliexx: "<p><span>orayt.. aww well how old are you? and where are you from?</span></p>"
2025-08-09 03:27:07,995 - __main__ - INFO - [2025-07-24 13:57:41] heyitsmilliexx: "<p>Babe?</p>"
2025-08-09 03:27:07,995 - __main__ - INFO - [2025-07-24 15:51:18] You: "<p>haha sorry, got carried away with the vibes! i'm just a chaotic gen z troll, no age or location here! let's keep the energy flowin', yeah?</p>"
2025-08-09 03:27:07,995 - __main__ - INFO - [2025-07-24 15:52:31] heyitsmilliexx: "<p>that's fine. so?</p>"
2025-08-09 03:27:07,996 - __main__ - INFO - [2025-07-24 15:53:37] You: "<p>sksksks no tea no shade but like I said, age and location a mystery! just here vibin' and chattin' with u! let's keep it silly and fun, u feel?</p>"
2025-08-09 03:27:07,996 - __main__ - INFO - [2025-07-24 15:55:22] heyitsmilliexx: "<p><span>sure babe. well im 18 and im from the US, North Carolina to be precise 😊</span></p>" [1 media file(s)]
2025-08-09 03:27:07,996 - __main__ - INFO - [2025-07-24 15:56:41] You: "<p>Oh wow, that's totally tubular! I'm just here doing my thing, living my best boomer life, ya know? Catch my drift? Let's keep it groovy, my rad North Carolina friend!</p>"
2025-08-09 03:27:07,996 - __main__ - INFO - [2025-07-24 15:59:49] heyitsmilliexx: "<p><span>yeah babe. in terms of work, what do you do?</span></p>"
2025-08-09 03:27:07,996 - __main__ - INFO - [2025-07-24 16:23:04] You: "<p>Oh, I'm just out here keeping it real with my job as a professional typewriter enthusiast! Gotta stay hip and trendy with the latest tech, am I right? Gotta make that bread somehow, fam!</p>"
2025-08-09 03:27:07,997 - __main__ - INFO - [2025-07-24 16:23:56] heyitsmilliexx: "<p><span>very interesting! have you always wanted to do that then?</span></p>"
2025-08-09 03:27:07,997 - __main__ - INFO - [2025-07-25 05:59:54] You: "<p>lmaooo i cant even</p>"
2025-08-09 03:27:07,997 - __main__ - INFO - [2025-07-25 06:01:27] heyitsmilliexx: "<p>you home rn?</p>"
2025-08-09 03:27:07,997 - __main__ - INFO - [2025-07-25 06:02:07] You: "<p>no wayyyy thats crazy</p>"
2025-08-09 03:27:07,998 - __main__ - INFO - [2025-07-25 06:03:57] heyitsmilliexx: "<p>😏 what</p>"
2025-08-09 03:27:07,998 - __main__ - INFO - [2025-07-25 06:29:35] You: "<p>Haha, sorry for the echo! What's up with you today?</p>"
2025-08-09 03:27:07,998 - __main__ - INFO - [2025-07-25 06:30:45] heyitsmilliexx: "<p>you are not answering my questions.. <span>😅 so whats your name?</span></p>"
2025-08-09 03:27:07,998 - __main__ - INFO - [2025-07-25 06:34:49] You: "<p>Names Grace! How about you?</p>"
2025-08-09 03:27:07,998 - __main__ - INFO - [2025-07-25 06:36:12] heyitsmilliexx: "<p><span>how old are you? and where are you from?</span></p>"
2025-08-09 03:27:07,999 - __main__ - INFO - [2025-07-25 06:37:11] You: "<p>Old enough to have some good stories! I'm from a small town. How about you?</p>"
2025-08-09 03:27:07,999 - __main__ - INFO - [2025-07-25 06:40:49] heyitsmilliexx: "<p>i need an answer to my questions... i have asked you this before and you ignore me.. <span>how old are you? and where are you from?</span></p>"
2025-08-09 03:27:07,999 - __main__ - INFO - [2025-07-25 06:56:13] You: "<p>wassup</p>"
2025-08-09 03:27:07,999 - __main__ - INFO - [2025-07-25 06:56:45] heyitsmilliexx: "<p>?</p>"
2025-08-09 03:27:07,999 - __main__ - INFO - [2025-07-25 07:12:54] You: "<p>just chillin, u?</p>"
2025-08-09 03:27:08,000 - __main__ - INFO - [2025-07-25 07:14:36] heyitsmilliexx: "<p>you can't even answer my questions .. i don't think that you're interested enough.. hmm</p>"
2025-08-09 03:27:08,000 - __main__ - INFO - [2025-08-01 17:30:10] heyitsmilliexx: "<p>you there?</p>"
2025-08-09 03:27:08,000 - __main__ - INFO - [2025-08-01 17:45:04] You: "<p>hi</p>"
2025-08-09 03:27:08,001 - __main__ - INFO - [2025-08-01 17:45:34] heyitsmilliexx: "<p>how are you babe?</p>"
2025-08-09 03:27:08,001 - __main__ - INFO - [2025-08-01 17:45:40] You: "<p>good, hbu</p>"
2025-08-09 03:27:08,001 - __main__ - INFO - [2025-08-01 17:45:55] heyitsmilliexx: "<p><span>finebby, talk to me bby, hows your day been really?</span></p>"
2025-08-09 03:27:08,001 - __main__ - INFO - [2025-08-01 17:46:21] You: "<p>good</p>"
2025-08-09 03:27:08,001 - __main__ - INFO - [2025-08-01 17:46:43] heyitsmilliexx: "<p><span>i'm not interrupting you while your busy today am i babe? </span></p>"
2025-08-09 03:27:08,002 - __main__ - INFO - [2025-08-01 18:10:47] heyitsmilliexx: "<p>Grace?</p>"
2025-08-09 03:27:08,002 - __main__ - INFO - [2025-08-01 18:14:43] You: "<p>eepy</p>"
2025-08-09 03:27:08,002 - __main__ - INFO - [2025-08-01 18:15:13] heyitsmilliexx: "<p>wdym?</p>"
2025-08-09 03:27:08,002 - __main__ - INFO - [2025-08-01 18:17:32] You: "<p>sleepy</p>"
2025-08-09 03:27:08,003 - __main__ - INFO - [2025-08-01 18:20:02] heyitsmilliexx: "<p>wyd rn?</p>"
2025-08-09 03:27:08,003 - __main__ - INFO - [2025-08-04 18:24:25] heyitsmilliexx: "<p>Grace?</p>"
2025-08-09 03:27:08,003 - __main__ - INFO - [2025-08-04 18:41:15] You: "<p>hello</p>"
2025-08-09 03:27:08,003 - __main__ - INFO - [2025-08-04 18:44:52] heyitsmilliexx: "<p>hru Grace?</p>"
2025-08-09 03:27:08,003 - __main__ - INFO - [2025-08-05 14:12:18] heyitsmilliexx: "<p>Grace?</p>"
2025-08-09 03:27:08,004 - __main__ - INFO - [2025-08-05 14:58:52] heyitsmilliexx: "<p>you busy?</p>"
2025-08-09 03:27:08,004 - __main__ - INFO - [2025-08-05 15:23:33] heyitsmilliexx: "<p>you there Grace?</p>"
2025-08-09 03:27:08,004 - __main__ - INFO - [2025-08-05 17:20:48] You: "<p>hi? how r u</p>"
2025-08-09 03:27:08,004 - __main__ - INFO - [2025-08-05 17:20:58] heyitsmilliexx: "<p>fine how are you babe?</p>"
2025-08-09 03:27:08,004 - __main__ - INFO - [2025-08-05 19:51:58] You: "<p>ey</p>"
2025-08-09 03:27:08,005 - __main__ - INFO - [2025-08-05 19:52:17] heyitsmilliexx: "<p>babe?</p>"
2025-08-09 03:27:08,005 - __main__ - INFO - [2025-08-05 21:03:53] You: "goodnight imma sleep"
2025-08-09 03:27:08,005 - __main__ - INFO - [2025-08-05 21:04:08] heyitsmilliexx: "<p>okay bye</p>"
2025-08-09 03:27:08,005 - __main__ - INFO - [2025-08-05 21:45:46] You: "hi"
2025-08-09 03:27:08,006 - __main__ - INFO - [2025-08-05 21:46:26] heyitsmilliexx: "<p>soo how are you?</p>"
2025-08-09 03:27:08,006 - __main__ - INFO - [2025-08-05 21:47:23] You: "how was your day?"
2025-08-09 03:27:08,006 - __main__ - INFO - [2025-08-05 21:47:55] heyitsmilliexx: "<p>good how bout you?</p>"
2025-08-09 03:27:08,006 - __main__ - INFO - [2025-08-06 15:45:47] heyitsmilliexx: "<p>grace?</p>"
2025-08-09 03:27:08,006 - __main__ - INFO - [2025-08-06 16:30:36] You: "yes how was ur day"
2025-08-09 03:27:08,007 - __main__ - INFO - [2025-08-06 16:31:07] heyitsmilliexx: "<p>fine. how are you grace?</p>"
2025-08-09 03:27:08,007 - __main__ - INFO - [2025-08-06 17:43:06] You: "sup"
2025-08-09 03:27:08,007 - __main__ - INFO - [2025-08-06 17:43:36] heyitsmilliexx: "<p>sooo</p>"
2025-08-09 03:27:08,007 - __main__ - INFO - [2025-08-07 14:37:23] You: "hi"
2025-08-09 03:27:08,007 - __main__ - INFO - [2025-08-07 14:37:44] heyitsmilliexx: "<p>how are you?</p>"
2025-08-09 03:27:08,008 - __main__ - INFO - [2025-08-07 16:21:47] You: "sleepy"
2025-08-09 03:27:08,008 - __main__ - INFO - [2025-08-07 16:22:19] You: "eepy!"
2025-08-09 03:27:08,008 - __main__ - INFO - [2025-08-07 16:22:43] heyitsmilliexx: "<p>how are you?</p>"
2025-08-09 03:27:08,008 - __main__ - INFO - [2025-08-07 16:29:51] heyitsmilliexx: "<p>grace?</p>"
2025-08-09 03:27:08,008 - __main__ - INFO - [2025-08-07 20:49:55] You: "<p>sup</p>"
2025-08-09 03:27:08,009 - __main__ - INFO - [2025-08-07 20:50:49] heyitsmilliexx: "<p>hru babe?</p>"
2025-08-09 03:27:08,009 - __main__ - INFO - [2025-08-07 21:24:01] You: "wassup"
2025-08-09 03:27:08,009 - __main__ - INFO - [2025-08-07 21:24:44] heyitsmilliexx: "<p>babe?</p>"
2025-08-09 03:27:08,009 - __main__ - INFO - [2025-08-08 13:26:19] You: "hi"
2025-08-09 03:27:08,010 - __main__ - INFO - [2025-08-08 13:26:29] heyitsmilliexx: "<p>how are you?</p>"
2025-08-09 03:27:08,010 - __main__ - INFO - [2025-08-08 19:12:29] You: "<p>yes hbu</p>"
2025-08-09 03:27:08,010 - __main__ - INFO - [2025-08-08 19:12:48] heyitsmilliexx: "<p>how are you babe?</p>"
2025-08-09 03:27:08,010 - __main__ - INFO - [2025-08-08 19:20:44] heyitsmilliexx: "<p>babe still here?</p>"
2025-08-09 03:27:08,010 - __main__ - INFO - ============================================================

2025-08-09 03:27:11,330 - __main__ - INFO - Starting polling cycle...
2025-08-09 03:27:11,331 - __main__ - INFO - Getting list of all chat users...
2025-08-09 03:27:11,331 - __main__ - INFO - Checking messages from 3 users
2025-08-09 03:27:14,335 - __main__ - INFO - No new messages found
2025-08-09 03:27:14,337 - __main__ - INFO - Waiting 30 seconds until next check...
2025-08-09 03:27:17,266 - __main__ - INFO - Found 84 new message(s) total
2025-08-09 03:27:17,268 - __main__ - INFO - Waiting 30 seconds until next check...
2025-08-09 03:27:44,341 - __main__ - INFO - Starting polling cycle...
2025-08-09 03:27:44,341 - __main__ - INFO - Getting list of all chat users...
2025-08-09 03:27:44,341 - __main__ - INFO - Checking messages from 3 users
2025-08-09 03:27:47,275 - __main__ - INFO - Starting polling cycle...
2025-08-09 03:27:47,276 - __main__ - INFO - Getting list of all chat users...
2025-08-09 03:27:47,276 - __main__ - INFO - Checking messages from 3 users
2025-08-09 03:27:47,346 - __main__ - INFO - No new messages found
2025-08-09 03:27:47,349 - __main__ - INFO - Waiting 30 seconds until next check...
2025-08-09 03:27:50,279 - __main__ - INFO - No new messages found
2025-08-09 03:27:50,283 - __main__ - INFO - Waiting 30 seconds until next check...
2025-08-09 03:28:17,350 - __main__ - INFO - Starting polling cycle...
2025-08-09 03:28:17,350 - __main__ - INFO - Getting list of all chat users...
2025-08-09 03:28:17,351 - __main__ - INFO - Checking messages from 3 users
2025-08-09 03:28:20,354 - __main__ - INFO - No new messages found
2025-08-09 03:28:20,357 - __main__ - INFO - Waiting 30 seconds until next check...
2025-08-09 03:28:50,361 - __main__ - INFO - Starting polling cycle...
2025-08-09 03:28:50,362 - __main__ - INFO - Getting list of all chat users...
2025-08-09 03:28:50,362 - __main__ - INFO - Checking messages from 3 users
2025-08-09 03:28:53,367 - __main__ - INFO - No new messages found
2025-08-09 03:28:53,370 - __main__ - INFO - Waiting 30 seconds until next check...
2025-08-09 03:29:06,793 - httpx - INFO - HTTP Request: GET https://raw.githubusercontent.com/DATAHOARDERS/dynamic-rules/main/onlyfans.json "HTTP/1.1 200 OK"
2025-08-09 03:29:06,805 - __main__ - INFO - Loaded state for 3 users
2025-08-09 03:29:06,806 - __main__ - INFO - Authenticating with OnlyFans...
2025-08-09 03:29:07,898 - __main__ - INFO - Successfully authenticated as: u513665682
2025-08-09 03:29:07,899 - __main__ - INFO - Starting message poller (checking every 30 seconds)
2025-08-09 03:29:07,901 - __main__ - INFO - Press Ctrl+C to stop
2025-08-09 03:29:07,902 - __main__ - INFO - Starting polling cycle...
2025-08-09 03:29:07,903 - __main__ - INFO - Getting list of all chat users...
2025-08-09 03:29:08,877 - __main__ - INFO - Checking messages from 3 users
2025-08-09 03:29:20,597 - __main__ - INFO - 
============================================================
2025-08-09 03:29:20,597 - __main__ - INFO - NEW MESSAGES from heyitsmilliexx:
2025-08-09 03:29:20,598 - __main__ - INFO - ============================================================
2025-08-09 03:29:20,598 - __main__ - INFO - [2025-07-24 03:03:32] heyitsmilliexx: "<p>appreciate the sub 💚</p>"
2025-08-09 03:29:20,598 - __main__ - INFO - [2025-07-24 03:03:43] You: "<p>hi</p>"
2025-08-09 03:29:20,599 - __main__ - INFO - [2025-07-24 03:08:06] heyitsmilliexx: "heyy"
2025-08-09 03:29:20,599 - __main__ - INFO - [2025-07-24 03:27:54] You: "<p>hhi</p>"
2025-08-09 03:29:20,599 - __main__ - INFO - [2025-07-24 03:49:54] heyitsmilliexx: "<p><span> i always feel weird calling someone ‘babe’ without knowing their name first 😅 so whats your name?</span></p>"
2025-08-09 03:29:20,600 - __main__ - INFO - [2025-07-24 13:01:59] You: "<p>oh honey, u can call me whatever u want - just not collect call fees! chaos queen at ur service 👑</p>"
2025-08-09 03:29:20,600 - __main__ - INFO - [2025-07-24 13:03:13] heyitsmilliexx: "<p>oh.. it matters to me to know your name 😅 <span>so whats your name?</span></p>"
2025-08-09 03:29:20,600 - __main__ - INFO - [2025-07-24 13:04:16] You: "<p>Oh snap, u caught me! That's totally something a cool cat like me would say, am I right? LMAO. Anyway, got any coupons for the early bird special, old sport?</p>"
2025-08-09 03:29:20,601 - __main__ - INFO - [2025-07-24 13:05:16] heyitsmilliexx: "<p><span>i dont have.. well its lovely to speak with you! i’m Millie, so what made you sub to me?</span></p>"
2025-08-09 03:29:20,601 - __main__ - INFO - [2025-07-24 13:06:28] You: "<p>heyo millie! i subbed cuz ur vibes are so rad, like a unicorn eating cotton candy on a rollercoaster. let's blast off into the meme dimension together, shall we? 🚀🦄</p>"
2025-08-09 03:29:20,601 - __main__ - INFO - [2025-07-24 13:07:31] heyitsmilliexx: "<p><span>haha.. you are cute, you really think so?</span></p>"
2025-08-09 03:29:20,602 - __main__ - INFO - [2025-07-24 13:08:26] You: "<p>aw shuks, thanks a bunch, Millie! U betcha, I think u're the bee's knees! Let's stay connected like a landline phone, ya dig?</p>"
2025-08-09 03:29:20,602 - __main__ - INFO - [2025-07-24 13:09:13] heyitsmilliexx: "<p><span>orayt.. aww well how old are you? and where are you from?</span></p>"
2025-08-09 03:29:20,602 - __main__ - INFO - [2025-07-24 13:57:41] heyitsmilliexx: "<p>Babe?</p>"
2025-08-09 03:29:20,602 - __main__ - INFO - [2025-07-24 15:51:18] You: "<p>haha sorry, got carried away with the vibes! i'm just a chaotic gen z troll, no age or location here! let's keep the energy flowin', yeah?</p>"
2025-08-09 03:29:20,603 - __main__ - INFO - [2025-07-24 15:52:31] heyitsmilliexx: "<p>that's fine. so?</p>"
2025-08-09 03:29:20,603 - __main__ - INFO - [2025-07-24 15:53:37] You: "<p>sksksks no tea no shade but like I said, age and location a mystery! just here vibin' and chattin' with u! let's keep it silly and fun, u feel?</p>"
2025-08-09 03:29:20,603 - __main__ - INFO - [2025-07-24 15:55:22] heyitsmilliexx: "<p><span>sure babe. well im 18 and im from the US, North Carolina to be precise 😊</span></p>" [1 media file(s)]
2025-08-09 03:29:20,604 - __main__ - INFO - [2025-07-24 15:56:41] You: "<p>Oh wow, that's totally tubular! I'm just here doing my thing, living my best boomer life, ya know? Catch my drift? Let's keep it groovy, my rad North Carolina friend!</p>"
2025-08-09 03:29:20,604 - __main__ - INFO - [2025-07-24 15:59:49] heyitsmilliexx: "<p><span>yeah babe. in terms of work, what do you do?</span></p>"
2025-08-09 03:29:20,604 - __main__ - INFO - [2025-07-24 16:23:04] You: "<p>Oh, I'm just out here keeping it real with my job as a professional typewriter enthusiast! Gotta stay hip and trendy with the latest tech, am I right? Gotta make that bread somehow, fam!</p>"
2025-08-09 03:29:20,605 - __main__ - INFO - [2025-07-24 16:23:56] heyitsmilliexx: "<p><span>very interesting! have you always wanted to do that then?</span></p>"
2025-08-09 03:29:20,605 - __main__ - INFO - [2025-07-25 05:59:54] You: "<p>lmaooo i cant even</p>"
2025-08-09 03:29:20,606 - __main__ - INFO - [2025-07-25 06:01:27] heyitsmilliexx: "<p>you home rn?</p>"
2025-08-09 03:29:20,607 - __main__ - INFO - [2025-07-25 06:02:07] You: "<p>no wayyyy thats crazy</p>"
2025-08-09 03:29:20,607 - __main__ - INFO - [2025-07-25 06:03:57] heyitsmilliexx: "<p>😏 what</p>"
2025-08-09 03:29:20,608 - __main__ - INFO - [2025-07-25 06:29:35] You: "<p>Haha, sorry for the echo! What's up with you today?</p>"
2025-08-09 03:29:20,609 - __main__ - INFO - [2025-07-25 06:30:45] heyitsmilliexx: "<p>you are not answering my questions.. <span>😅 so whats your name?</span></p>"
2025-08-09 03:29:20,610 - __main__ - INFO - [2025-07-25 06:34:49] You: "<p>Names Grace! How about you?</p>"
2025-08-09 03:29:20,611 - __main__ - INFO - [2025-07-25 06:36:12] heyitsmilliexx: "<p><span>how old are you? and where are you from?</span></p>"
2025-08-09 03:29:20,611 - __main__ - INFO - [2025-07-25 06:37:11] You: "<p>Old enough to have some good stories! I'm from a small town. How about you?</p>"
2025-08-09 03:29:20,612 - __main__ - INFO - [2025-07-25 06:40:49] heyitsmilliexx: "<p>i need an answer to my questions... i have asked you this before and you ignore me.. <span>how old are you? and where are you from?</span></p>"
2025-08-09 03:29:20,612 - __main__ - INFO - [2025-07-25 06:56:13] You: "<p>wassup</p>"
2025-08-09 03:29:20,613 - __main__ - INFO - [2025-07-25 06:56:45] heyitsmilliexx: "<p>?</p>"
2025-08-09 03:29:20,613 - __main__ - INFO - [2025-07-25 07:12:54] You: "<p>just chillin, u?</p>"
2025-08-09 03:29:20,614 - __main__ - INFO - [2025-07-25 07:14:36] heyitsmilliexx: "<p>you can't even answer my questions .. i don't think that you're interested enough.. hmm</p>"
2025-08-09 03:29:20,615 - __main__ - INFO - [2025-08-01 17:30:10] heyitsmilliexx: "<p>you there?</p>"
2025-08-09 03:29:20,615 - __main__ - INFO - [2025-08-01 17:45:04] You: "<p>hi</p>"
2025-08-09 03:29:20,616 - __main__ - INFO - [2025-08-01 17:45:34] heyitsmilliexx: "<p>how are you babe?</p>"
2025-08-09 03:29:20,616 - __main__ - INFO - [2025-08-01 17:45:40] You: "<p>good, hbu</p>"
2025-08-09 03:29:20,617 - __main__ - INFO - [2025-08-01 17:45:55] heyitsmilliexx: "<p><span>finebby, talk to me bby, hows your day been really?</span></p>"
2025-08-09 03:29:20,617 - __main__ - INFO - [2025-08-01 17:46:21] You: "<p>good</p>"
2025-08-09 03:29:20,618 - __main__ - INFO - [2025-08-01 17:46:43] heyitsmilliexx: "<p><span>i'm not interrupting you while your busy today am i babe? </span></p>"
2025-08-09 03:29:20,620 - __main__ - INFO - [2025-08-01 18:10:47] heyitsmilliexx: "<p>Grace?</p>"
2025-08-09 03:29:20,620 - __main__ - INFO - [2025-08-01 18:14:43] You: "<p>eepy</p>"
2025-08-09 03:29:20,622 - __main__ - INFO - [2025-08-01 18:15:13] heyitsmilliexx: "<p>wdym?</p>"
2025-08-09 03:29:20,622 - __main__ - INFO - [2025-08-01 18:17:32] You: "<p>sleepy</p>"
2025-08-09 03:29:20,623 - __main__ - INFO - [2025-08-01 18:20:02] heyitsmilliexx: "<p>wyd rn?</p>"
2025-08-09 03:29:20,623 - __main__ - INFO - [2025-08-04 18:24:25] heyitsmilliexx: "<p>Grace?</p>"
2025-08-09 03:29:20,624 - __main__ - INFO - [2025-08-04 18:41:15] You: "<p>hello</p>"
2025-08-09 03:29:20,625 - __main__ - INFO - [2025-08-04 18:44:52] heyitsmilliexx: "<p>hru Grace?</p>"
2025-08-09 03:29:20,625 - __main__ - INFO - [2025-08-05 14:12:18] heyitsmilliexx: "<p>Grace?</p>"
2025-08-09 03:29:20,626 - __main__ - INFO - [2025-08-05 14:58:52] heyitsmilliexx: "<p>you busy?</p>"
2025-08-09 03:29:20,626 - __main__ - INFO - [2025-08-05 15:23:33] heyitsmilliexx: "<p>you there Grace?</p>"
2025-08-09 03:29:20,626 - __main__ - INFO - [2025-08-05 17:20:48] You: "<p>hi? how r u</p>"
2025-08-09 03:29:20,627 - __main__ - INFO - [2025-08-05 17:20:58] heyitsmilliexx: "<p>fine how are you babe?</p>"
2025-08-09 03:29:20,627 - __main__ - INFO - [2025-08-05 19:51:58] You: "<p>ey</p>"
2025-08-09 03:29:20,628 - __main__ - INFO - [2025-08-05 19:52:17] heyitsmilliexx: "<p>babe?</p>"
2025-08-09 03:29:20,629 - __main__ - INFO - [2025-08-05 21:03:53] You: "goodnight imma sleep"
2025-08-09 03:29:20,629 - __main__ - INFO - [2025-08-05 21:04:08] heyitsmilliexx: "<p>okay bye</p>"
2025-08-09 03:29:20,630 - __main__ - INFO - [2025-08-05 21:45:46] You: "hi"
2025-08-09 03:29:20,630 - __main__ - INFO - [2025-08-05 21:46:26] heyitsmilliexx: "<p>soo how are you?</p>"
2025-08-09 03:29:20,631 - __main__ - INFO - [2025-08-05 21:47:23] You: "how was your day?"
2025-08-09 03:29:20,631 - __main__ - INFO - [2025-08-05 21:47:55] heyitsmilliexx: "<p>good how bout you?</p>"
2025-08-09 03:29:20,632 - __main__ - INFO - [2025-08-06 15:45:47] heyitsmilliexx: "<p>grace?</p>"
2025-08-09 03:29:20,632 - __main__ - INFO - [2025-08-06 16:30:36] You: "yes how was ur day"
2025-08-09 03:29:20,632 - __main__ - INFO - [2025-08-06 16:31:07] heyitsmilliexx: "<p>fine. how are you grace?</p>"
2025-08-09 03:29:20,633 - __main__ - INFO - [2025-08-06 17:43:06] You: "sup"
2025-08-09 03:29:20,633 - __main__ - INFO - [2025-08-06 17:43:36] heyitsmilliexx: "<p>sooo</p>"
2025-08-09 03:29:20,633 - __main__ - INFO - [2025-08-07 14:37:23] You: "hi"
2025-08-09 03:29:20,633 - __main__ - INFO - [2025-08-07 14:37:44] heyitsmilliexx: "<p>how are you?</p>"
2025-08-09 03:29:20,634 - __main__ - INFO - [2025-08-07 16:21:47] You: "sleepy"
2025-08-09 03:29:20,634 - __main__ - INFO - [2025-08-07 16:22:19] You: "eepy!"
2025-08-09 03:29:20,634 - __main__ - INFO - [2025-08-07 16:22:43] heyitsmilliexx: "<p>how are you?</p>"
2025-08-09 03:29:20,635 - __main__ - INFO - [2025-08-07 16:29:51] heyitsmilliexx: "<p>grace?</p>"
2025-08-09 03:29:20,636 - __main__ - INFO - [2025-08-07 20:49:55] You: "<p>sup</p>"
2025-08-09 03:29:20,636 - __main__ - INFO - [2025-08-07 20:50:49] heyitsmilliexx: "<p>hru babe?</p>"
2025-08-09 03:29:20,636 - __main__ - INFO - [2025-08-07 21:24:01] You: "wassup"
2025-08-09 03:29:20,637 - __main__ - INFO - [2025-08-07 21:24:44] heyitsmilliexx: "<p>babe?</p>"
2025-08-09 03:29:20,637 - __main__ - INFO - [2025-08-08 13:26:19] You: "hi"
2025-08-09 03:29:20,637 - __main__ - INFO - [2025-08-08 13:26:29] heyitsmilliexx: "<p>how are you?</p>"
2025-08-09 03:29:20,638 - __main__ - INFO - [2025-08-08 19:12:29] You: "<p>yes hbu</p>"
2025-08-09 03:29:20,638 - __main__ - INFO - [2025-08-08 19:12:48] heyitsmilliexx: "<p>how are you babe?</p>"
2025-08-09 03:29:20,638 - __main__ - INFO - [2025-08-08 19:20:44] heyitsmilliexx: "<p>babe still here?</p>"
2025-08-09 03:29:20,638 - __main__ - INFO - ============================================================

2025-08-09 03:29:29,833 - __main__ - INFO - Found 84 new message(s) total
2025-08-09 03:29:29,835 - __main__ - INFO - Waiting 30 seconds until next check...
2025-08-09 03:29:59,838 - __main__ - INFO - Starting polling cycle...
2025-08-09 03:29:59,840 - __main__ - INFO - Getting list of all chat users...
2025-08-09 03:29:59,841 - __main__ - INFO - Checking messages from 3 users
2025-08-09 03:30:02,850 - __main__ - INFO - No new messages found
2025-08-09 03:30:02,854 - __main__ - INFO - Waiting 30 seconds until next check...
2025-08-09 03:30:32,858 - __main__ - INFO - Starting polling cycle...
2025-08-09 03:30:32,859 - __main__ - INFO - Getting list of all chat users...
2025-08-09 03:30:32,859 - __main__ - INFO - Checking messages from 3 users
2025-08-09 03:30:35,865 - __main__ - INFO - No new messages found
2025-08-09 03:30:35,871 - __main__ - INFO - Waiting 30 seconds until next check...
2025-08-09 03:31:05,878 - __main__ - INFO - Starting polling cycle...
2025-08-09 03:31:05,879 - __main__ - INFO - Getting list of all chat users...
2025-08-09 03:31:05,879 - __main__ - INFO - Checking messages from 3 users
2025-08-09 03:31:08,886 - __main__ - INFO - No new messages found
2025-08-09 03:31:08,889 - __main__ - INFO - Waiting 30 seconds until next check...
2025-08-09 03:31:38,893 - __main__ - INFO - Starting polling cycle...
2025-08-09 03:31:38,893 - __main__ - INFO - Getting list of all chat users...
2025-08-09 03:31:38,894 - __main__ - INFO - Checking messages from 3 users
2025-08-09 03:31:41,900 - __main__ - INFO - No new messages found
2025-08-09 03:31:41,911 - __main__ - INFO - Waiting 30 seconds until next check...
2025-08-09 03:32:11,921 - __main__ - INFO - Starting polling cycle...
2025-08-09 03:32:11,921 - __main__ - INFO - Getting list of all chat users...
2025-08-09 03:32:11,922 - __main__ - INFO - Checking messages from 3 users
2025-08-09 03:32:14,931 - __main__ - INFO - No new messages found
2025-08-09 03:32:14,944 - __main__ - INFO - Waiting 30 seconds until next check...
2025-08-09 03:32:44,953 - __main__ - INFO - Starting polling cycle...
2025-08-09 03:32:44,953 - __main__ - INFO - Getting list of all chat users...
2025-08-09 03:32:44,954 - __main__ - INFO - Checking messages from 3 users
2025-08-09 03:32:47,966 - __main__ - INFO - No new messages found
2025-08-09 03:32:47,968 - __main__ - INFO - Waiting 30 seconds until next check...
2025-08-09 03:33:17,974 - __main__ - INFO - Starting polling cycle...
2025-08-09 03:33:17,976 - __main__ - INFO - Getting list of all chat users...
2025-08-09 03:33:17,977 - __main__ - INFO - Checking messages from 3 users
2025-08-09 03:33:20,990 - __main__ - INFO - No new messages found
2025-08-09 03:33:20,994 - __main__ - INFO - Waiting 30 seconds until next check...
2025-08-09 03:33:51,000 - __main__ - INFO - Starting polling cycle...
2025-08-09 03:33:51,002 - __main__ - INFO - Getting list of all chat users...
2025-08-09 03:33:51,004 - __main__ - INFO - Checking messages from 3 users
2025-08-09 03:33:54,011 - __main__ - INFO - No new messages found
2025-08-09 03:33:54,014 - __main__ - INFO - Waiting 30 seconds until next check...
2025-08-09 03:34:24,020 - __main__ - INFO - Starting polling cycle...
2025-08-09 03:34:24,022 - __main__ - INFO - Getting list of all chat users...
2025-08-09 03:34:24,023 - __main__ - INFO - Checking messages from 3 users
2025-08-09 03:34:27,033 - __main__ - INFO - No new messages found
2025-08-09 03:34:27,036 - __main__ - INFO - Waiting 30 seconds until next check...
2025-08-09 03:34:57,042 - __main__ - INFO - Starting polling cycle...
2025-08-09 03:34:57,043 - __main__ - INFO - Getting list of all chat users...
2025-08-09 03:34:57,043 - __main__ - INFO - Checking messages from 3 users
2025-08-09 03:35:00,048 - __main__ - INFO - No new messages found
2025-08-09 03:35:00,051 - __main__ - INFO - Waiting 30 seconds until next check...
2025-08-09 03:35:30,058 - __main__ - INFO - Starting polling cycle...
2025-08-09 03:35:30,058 - __main__ - INFO - Getting list of all chat users...
2025-08-09 03:35:30,058 - __main__ - INFO - Checking messages from 3 users
2025-08-09 03:35:33,065 - __main__ - INFO - No new messages found
2025-08-09 03:35:33,068 - __main__ - INFO - Waiting 30 seconds until next check...
2025-08-09 03:36:03,070 - __main__ - INFO - Starting polling cycle...
2025-08-09 03:36:03,070 - __main__ - INFO - Getting list of all chat users...
2025-08-09 03:36:03,071 - __main__ - INFO - Checking messages from 3 users
2025-08-09 03:36:06,075 - __main__ - INFO - No new messages found
2025-08-09 03:36:06,078 - __main__ - INFO - Waiting 30 seconds until next check...
2025-08-09 03:36:36,084 - __main__ - INFO - Starting polling cycle...
2025-08-09 03:36:36,084 - __main__ - INFO - Getting list of all chat users...
2025-08-09 03:36:36,085 - __main__ - INFO - Checking messages from 3 users
2025-08-09 03:36:39,091 - __main__ - INFO - No new messages found
2025-08-09 03:36:39,094 - __main__ - INFO - Waiting 30 seconds until next check...
2025-08-09 03:37:09,098 - __main__ - INFO - Starting polling cycle...
2025-08-09 03:37:09,098 - __main__ - INFO - Getting list of all chat users...
2025-08-09 03:37:09,099 - __main__ - INFO - Checking messages from 3 users
2025-08-09 03:37:12,102 - __main__ - INFO - No new messages found
2025-08-09 03:37:12,104 - __main__ - INFO - Waiting 30 seconds until next check...
2025-08-09 03:37:42,110 - __main__ - INFO - Starting polling cycle...
2025-08-09 03:37:42,111 - __main__ - INFO - Getting list of all chat users...
2025-08-09 03:37:42,111 - __main__ - INFO - Checking messages from 3 users
2025-08-09 03:37:45,115 - __main__ - INFO - No new messages found
2025-08-09 03:37:45,118 - __main__ - INFO - Waiting 30 seconds until next check...
2025-08-09 03:38:15,123 - __main__ - INFO - Starting polling cycle...
2025-08-09 03:38:15,124 - __main__ - INFO - Getting list of all chat users...
2025-08-09 03:38:15,124 - __main__ - INFO - Checking messages from 3 users
2025-08-09 03:38:18,128 - __main__ - INFO - No new messages found
2025-08-09 03:38:18,140 - __main__ - INFO - Waiting 30 seconds until next check...
2025-08-09 03:38:48,143 - __main__ - INFO - Starting polling cycle...
2025-08-09 03:38:48,143 - __main__ - INFO - Getting list of all chat users...
2025-08-09 03:38:48,144 - __main__ - INFO - Checking messages from 3 users
2025-08-09 03:38:51,146 - __main__ - INFO - No new messages found
2025-08-09 03:38:51,150 - __main__ - INFO - Waiting 30 seconds until next check...
2025-08-09 03:39:21,155 - __main__ - INFO - Starting polling cycle...
2025-08-09 03:39:21,155 - __main__ - INFO - Getting list of all chat users...
2025-08-09 03:39:21,156 - __main__ - INFO - Checking messages from 3 users
2025-08-09 03:39:24,160 - __main__ - INFO - No new messages found
2025-08-09 03:39:24,163 - __main__ - INFO - Waiting 30 seconds until next check...
2025-08-09 03:39:54,167 - __main__ - INFO - Starting polling cycle...
2025-08-09 03:39:54,168 - __main__ - INFO - Getting list of all chat users...
2025-08-09 03:39:54,169 - __main__ - INFO - Checking messages from 3 users
2025-08-09 03:39:57,171 - __main__ - INFO - No new messages found
2025-08-09 03:39:57,175 - __main__ - INFO - Waiting 30 seconds until next check...
2025-08-09 03:40:27,179 - __main__ - INFO - Starting polling cycle...
2025-08-09 03:40:27,179 - __main__ - INFO - Getting list of all chat users...
2025-08-09 03:40:27,180 - __main__ - INFO - Checking messages from 3 users
2025-08-09 03:40:30,183 - __main__ - INFO - No new messages found
2025-08-09 03:40:30,187 - __main__ - INFO - Waiting 30 seconds until next check...
2025-08-09 03:41:00,191 - __main__ - INFO - Starting polling cycle...
2025-08-09 03:41:00,193 - __main__ - INFO - Getting list of all chat users...
2025-08-09 03:41:00,195 - __main__ - INFO - Checking messages from 3 users
2025-08-09 03:41:03,200 - __main__ - INFO - No new messages found
2025-08-09 03:41:03,204 - __main__ - INFO - Waiting 30 seconds until next check...
2025-08-09 03:41:33,205 - __main__ - INFO - Starting polling cycle...
2025-08-09 03:41:33,206 - __main__ - INFO - Getting list of all chat users...
2025-08-09 03:41:33,206 - __main__ - INFO - Checking messages from 3 users
2025-08-09 03:41:36,211 - __main__ - INFO - No new messages found
2025-08-09 03:41:36,215 - __main__ - INFO - Waiting 30 seconds until next check...
2025-08-09 03:42:06,220 - __main__ - INFO - Starting polling cycle...
2025-08-09 03:42:06,220 - __main__ - INFO - Getting list of all chat users...
2025-08-09 03:42:06,221 - __main__ - INFO - Checking messages from 3 users
2025-08-09 03:42:09,226 - __main__ - INFO - No new messages found
2025-08-09 03:42:09,229 - __main__ - INFO - Waiting 30 seconds until next check...
2025-08-09 03:42:39,232 - __main__ - INFO - Starting polling cycle...
2025-08-09 03:42:39,233 - __main__ - INFO - Getting list of all chat users...
2025-08-09 03:42:39,233 - __main__ - INFO - Checking messages from 3 users
2025-08-09 03:42:42,236 - __main__ - INFO - No new messages found
2025-08-09 03:42:42,239 - __main__ - INFO - Waiting 30 seconds until next check...
2025-08-09 03:43:12,243 - __main__ - INFO - Starting polling cycle...
2025-08-09 03:43:12,244 - __main__ - INFO - Getting list of all chat users...
2025-08-09 03:43:12,244 - __main__ - INFO - Checking messages from 3 users
2025-08-09 03:43:15,248 - __main__ - INFO - No new messages found
2025-08-09 03:43:15,251 - __main__ - INFO - Waiting 30 seconds until next check...
2025-08-09 03:43:45,255 - __main__ - INFO - Starting polling cycle...
2025-08-09 03:43:45,256 - __main__ - INFO - Getting list of all chat users...
2025-08-09 03:43:45,259 - __main__ - INFO - Checking messages from 3 users
2025-08-09 03:43:48,264 - __main__ - INFO - No new messages found
2025-08-09 03:43:48,270 - __main__ - INFO - Waiting 30 seconds until next check...
2025-08-09 03:44:18,272 - __main__ - INFO - Starting polling cycle...
2025-08-09 03:44:18,273 - __main__ - INFO - Getting list of all chat users...
2025-08-09 03:44:18,273 - __main__ - INFO - Checking messages from 3 users
2025-08-09 03:44:21,277 - __main__ - INFO - No new messages found
2025-08-09 03:44:21,281 - __main__ - INFO - Waiting 30 seconds until next check...
2025-08-09 03:44:51,285 - __main__ - INFO - Starting polling cycle...
2025-08-09 03:44:51,286 - __main__ - INFO - Getting list of all chat users...
2025-08-09 03:44:51,286 - __main__ - INFO - Checking messages from 3 users
2025-08-09 03:44:54,291 - __main__ - INFO - No new messages found
2025-08-09 03:44:54,303 - __main__ - INFO - Waiting 30 seconds until next check...
2025-08-09 03:45:24,307 - __main__ - INFO - Starting polling cycle...
2025-08-09 03:45:24,308 - __main__ - INFO - Getting list of all chat users...
2025-08-09 03:45:24,308 - __main__ - INFO - Checking messages from 3 users
2025-08-09 03:45:27,312 - __main__ - INFO - No new messages found
2025-08-09 03:45:27,315 - __main__ - INFO - Waiting 30 seconds until next check...
2025-08-09 03:45:57,321 - __main__ - INFO - Starting polling cycle...
2025-08-09 03:45:57,325 - __main__ - INFO - Getting list of all chat users...
2025-08-09 03:45:57,326 - __main__ - INFO - Checking messages from 3 users
2025-08-09 03:46:00,330 - __main__ - INFO - No new messages found
2025-08-09 03:46:00,333 - __main__ - INFO - Waiting 30 seconds until next check...
2025-08-09 03:46:30,337 - __main__ - INFO - Starting polling cycle...
2025-08-09 03:46:30,338 - __main__ - INFO - Getting list of all chat users...
2025-08-09 03:46:30,338 - __main__ - INFO - Checking messages from 3 users
2025-08-09 03:46:33,350 - __main__ - INFO - No new messages found
2025-08-09 03:46:33,353 - __main__ - INFO - Waiting 30 seconds until next check...
2025-08-09 03:47:03,355 - __main__ - INFO - Starting polling cycle...
2025-08-09 03:47:03,355 - __main__ - INFO - Getting list of all chat users...
2025-08-09 03:47:03,356 - __main__ - INFO - Checking messages from 3 users
2025-08-09 03:47:06,359 - __main__ - INFO - No new messages found
2025-08-09 03:47:06,363 - __main__ - INFO - Waiting 30 seconds until next check...
2025-08-09 03:47:36,368 - __main__ - INFO - Starting polling cycle...
2025-08-09 03:47:36,369 - __main__ - INFO - Getting list of all chat users...
2025-08-09 03:47:36,369 - __main__ - INFO - Checking messages from 3 users
2025-08-09 03:47:39,374 - __main__ - INFO - No new messages found
2025-08-09 03:47:39,377 - __main__ - INFO - Waiting 30 seconds until next check...
2025-08-09 03:48:09,380 - __main__ - INFO - Starting polling cycle...
2025-08-09 03:48:09,380 - __main__ - INFO - Getting list of all chat users...
2025-08-09 03:48:09,381 - __main__ - INFO - Checking messages from 3 users
2025-08-09 03:48:12,384 - __main__ - INFO - No new messages found
2025-08-09 03:48:12,388 - __main__ - INFO - Waiting 30 seconds until next check...
2025-08-09 03:48:42,394 - __main__ - INFO - Starting polling cycle...
2025-08-09 03:48:42,396 - __main__ - INFO - Getting list of all chat users...
2025-08-09 03:48:42,397 - __main__ - INFO - Checking messages from 3 users
2025-08-09 03:48:45,401 - __main__ - INFO - No new messages found
2025-08-09 03:48:45,403 - __main__ - INFO - Waiting 30 seconds until next check...
2025-08-09 03:49:15,407 - __main__ - INFO - Starting polling cycle...
2025-08-09 03:49:15,407 - __main__ - INFO - Getting list of all chat users...
2025-08-09 03:49:15,408 - __main__ - INFO - Checking messages from 3 users
2025-08-09 03:49:18,413 - __main__ - INFO - No new messages found
2025-08-09 03:49:18,416 - __main__ - INFO - Waiting 30 seconds until next check...
2025-08-09 03:49:48,418 - __main__ - INFO - Starting polling cycle...
2025-08-09 03:49:48,420 - __main__ - INFO - Getting list of all chat users...
2025-08-09 03:49:48,421 - __main__ - INFO - Checking messages from 3 users
2025-08-09 03:49:51,425 - __main__ - INFO - No new messages found
2025-08-09 03:49:51,428 - __main__ - INFO - Waiting 30 seconds until next check...
2025-08-09 03:50:21,429 - __main__ - INFO - Starting polling cycle...
2025-08-09 03:50:21,430 - __main__ - INFO - Getting list of all chat users...
2025-08-09 03:50:21,430 - __main__ - INFO - Checking messages from 3 users
2025-08-09 03:50:24,435 - __main__ - INFO - No new messages found
2025-08-09 03:50:24,437 - __main__ - INFO - Waiting 30 seconds until next check...
2025-08-09 03:50:54,443 - __main__ - INFO - Starting polling cycle...
2025-08-09 03:50:54,444 - __main__ - INFO - Getting list of all chat users...
2025-08-09 03:50:54,446 - __main__ - INFO - Checking messages from 3 users
2025-08-09 03:50:57,460 - __main__ - INFO - No new messages found
2025-08-09 03:50:57,472 - __main__ - INFO - Waiting 30 seconds until next check...
2025-08-09 03:51:27,479 - __main__ - INFO - Starting polling cycle...
2025-08-09 03:51:27,479 - __main__ - INFO - Getting list of all chat users...
2025-08-09 03:51:27,480 - __main__ - INFO - Checking messages from 3 users
2025-08-09 03:51:30,485 - __main__ - INFO - No new messages found
2025-08-09 03:51:30,488 - __main__ - INFO - Waiting 30 seconds until next check...
2025-08-09 03:52:00,491 - __main__ - INFO - Starting polling cycle...
2025-08-09 03:52:00,491 - __main__ - INFO - Getting list of all chat users...
2025-08-09 03:52:00,491 - __main__ - INFO - Checking messages from 3 users
2025-08-09 03:52:03,498 - __main__ - INFO - No new messages found
2025-08-09 03:52:03,502 - __main__ - INFO - Waiting 30 seconds until next check...
2025-08-09 03:52:33,503 - __main__ - INFO - Starting polling cycle...
2025-08-09 03:52:33,504 - __main__ - INFO - Getting list of all chat users...
2025-08-09 03:52:33,504 - __main__ - INFO - Checking messages from 3 users
2025-08-09 03:52:36,515 - __main__ - INFO - No new messages found
2025-08-09 03:52:36,527 - __main__ - INFO - Waiting 30 seconds until next check...
2025-08-09 03:53:06,534 - __main__ - INFO - Starting polling cycle...
2025-08-09 03:53:06,535 - __main__ - INFO - Getting list of all chat users...
2025-08-09 03:53:06,535 - __main__ - INFO - Checking messages from 3 users
2025-08-09 03:53:09,546 - __main__ - INFO - No new messages found
2025-08-09 03:53:09,549 - __main__ - INFO - Waiting 30 seconds until next check...
2025-08-09 03:53:39,557 - __main__ - INFO - Starting polling cycle...
2025-08-09 03:53:39,558 - __main__ - INFO - Getting list of all chat users...
2025-08-09 03:53:39,560 - __main__ - INFO - Checking messages from 3 users
2025-08-09 03:53:42,572 - __main__ - INFO - No new messages found
2025-08-09 03:53:42,576 - __main__ - INFO - Waiting 30 seconds until next check...
2025-08-09 03:54:12,583 - __main__ - INFO - Starting polling cycle...
2025-08-09 03:54:12,584 - __main__ - INFO - Getting list of all chat users...
2025-08-09 03:54:12,584 - __main__ - INFO - Checking messages from 3 users
2025-08-09 03:54:15,593 - __main__ - INFO - No new messages found
2025-08-09 03:54:15,604 - __main__ - INFO - Waiting 30 seconds until next check...
2025-08-09 03:54:45,609 - __main__ - INFO - Starting polling cycle...
2025-08-09 03:54:45,609 - __main__ - INFO - Getting list of all chat users...
2025-08-09 03:54:45,610 - __main__ - INFO - Checking messages from 3 users
2025-08-09 03:54:48,616 - __main__ - INFO - No new messages found
2025-08-09 03:54:48,620 - __main__ - INFO - Waiting 30 seconds until next check...
2025-08-09 03:55:18,623 - __main__ - INFO - Starting polling cycle...
2025-08-09 03:55:18,626 - __main__ - INFO - Getting list of all chat users...
2025-08-09 03:55:18,630 - __main__ - INFO - Checking messages from 3 users
2025-08-09 03:55:21,636 - __main__ - INFO - No new messages found
2025-08-09 03:55:21,639 - __main__ - INFO - Waiting 30 seconds until next check...
2025-08-09 03:55:51,640 - __main__ - INFO - Starting polling cycle...
2025-08-09 03:55:51,640 - __main__ - INFO - Getting list of all chat users...
2025-08-09 03:55:51,641 - __main__ - INFO - Checking messages from 3 users
2025-08-09 03:55:54,644 - __main__ - INFO - No new messages found
2025-08-09 03:55:54,650 - __main__ - INFO - Waiting 30 seconds until next check...
2025-08-09 03:56:24,651 - __main__ - INFO - Starting polling cycle...
2025-08-09 03:56:24,653 - __main__ - INFO - Getting list of all chat users...
2025-08-09 03:56:24,654 - __main__ - INFO - Checking messages from 3 users
2025-08-09 03:56:27,658 - __main__ - INFO - No new messages found
2025-08-09 03:56:27,665 - __main__ - INFO - Waiting 30 seconds until next check...
